2018/12/28 21:52:24.635 [D] [adminbase.go:46]  here is auth 
2018/12/28 21:52:24.637 [D] [adminbase.go:47]  AdminController.Index 
2018/12/28 22:09:25.651 [I] [asm_amd64.s:2361]  http server Running on http://:8080
2018/12/28 22:09:25.703 [D] [adminbase.go:46]  here is auth 
2018/12/28 22:09:25.703 [D] [adminbase.go:47]  AdminController.Index 
2018/12/28 22:09:25.716 [C] [asm_amd64.s:573]  the request url is  /login
2018/12/28 22:09:25.717 [C] [asm_amd64.s:573]  Handler crashed with error <Ormer.QueryTable> table name: `user` not exists
2018/12/28 22:09:25.717 [C] [asm_amd64.s:573]  D:/Tool/Go/src/runtime/asm_amd64.s:573
2018/12/28 22:09:25.717 [C] [asm_amd64.s:573]  D:/Tool/Go/src/runtime/panic.go:502
2018/12/28 22:09:25.718 [C] [asm_amd64.s:573]  D:/GoWork/src/github.com/astaxie/beego/orm/orm.go:439
2018/12/28 22:09:25.718 [C] [asm_amd64.s:573]  D:/GoWork/src/goFrame/web/models/user.go:37
2018/12/28 22:09:25.719 [C] [asm_amd64.s:573]  D:/GoWork/src/goFrame/web/controllers/webbase.go:44
2018/12/28 22:09:25.719 [C] [asm_amd64.s:573]  D:/GoWork/src/goFrame/web/controllers/webbase.go:26
2018/12/28 22:09:25.720 [C] [asm_amd64.s:573]  D:/GoWork/src/github.com/astaxie/beego/router.go:816
2018/12/28 22:09:25.720 [C] [asm_amd64.s:573]  D:/Tool/Go/src/net/http/server.go:2694
2018/12/28 22:09:25.721 [C] [asm_amd64.s:573]  D:/Tool/Go/src/net/http/server.go:1830
2018/12/28 22:09:25.721 [C] [asm_amd64.s:573]  D:/Tool/Go/src/runtime/asm_amd64.s:2361
2018/12/28 22:09:25.723 [server.go:2921]  [HTTP] http: multiple response.WriteHeader calls
2018/12/28 22:09:49.092 [D] [adminbase.go:46]  here is auth 
2018/12/28 22:09:49.092 [D] [adminbase.go:47]  LoginController.Login 
2018/12/28 22:10:47.621 [D] [adminbase.go:46]  here is auth 
2018/12/28 22:10:47.621 [D] [adminbase.go:47]  LoginController.Login 
2018/12/28 22:13:40.560 [D] [adminbase.go:46]  here is auth 
2018/12/28 22:13:40.560 [D] [adminbase.go:47]  LoginController.Login 
2018/12/28 22:13:45.243 [D] [adminbase.go:46]  here is auth 
2018/12/28 22:13:45.243 [D] [adminbase.go:47]  LoginController.Login 
2018/12/28 22:13:46.953 [D] [adminbase.go:46]  here is auth 
2018/12/28 22:13:46.953 [D] [adminbase.go:47]  LoginController.Login 
2018/12/28 22:14:05.514 [D] [adminbase.go:46]  here is auth 
2018/12/28 22:14:05.514 [D] [adminbase.go:47]  LoginController.Login 
2018/12/28 22:14:05.528 [D] [adminbase.go:46]  here is auth 
2018/12/28 22:14:05.529 [D] [adminbase.go:47]  AdminController.Index 
2018/12/28 22:17:03.564 [I] [asm_amd64.s:2361]  http server Running on http://:8080
2018/12/28 22:17:08.469 [D] [adminbase.go:46]  here is auth 
2018/12/28 22:17:08.469 [D] [adminbase.go:47]  AdminController.Index 
2018/12/28 22:17:08.474 [C] [asm_amd64.s:573]  the request url is  /login
2018/12/28 22:17:08.474 [C] [asm_amd64.s:573]  Handler crashed with error <Ormer.QueryTable> table name: `user` not exists
2018/12/28 22:17:08.474 [C] [asm_amd64.s:573]  D:/Tool/Go/src/runtime/asm_amd64.s:573
2018/12/28 22:17:08.474 [C] [asm_amd64.s:573]  D:/Tool/Go/src/runtime/panic.go:502
2018/12/28 22:17:08.474 [C] [asm_amd64.s:573]  D:/GoWork/src/github.com/astaxie/beego/orm/orm.go:439
2018/12/28 22:17:08.475 [C] [asm_amd64.s:573]  D:/GoWork/src/goFrame/web/models/user.go:37
2018/12/28 22:17:08.475 [C] [asm_amd64.s:573]  D:/GoWork/src/goFrame/web/controllers/webbase.go:44
2018/12/28 22:17:08.475 [C] [asm_amd64.s:573]  D:/GoWork/src/goFrame/web/controllers/webbase.go:26
2018/12/28 22:17:08.475 [C] [asm_amd64.s:573]  D:/GoWork/src/github.com/astaxie/beego/router.go:816
2018/12/28 22:17:08.475 [C] [asm_amd64.s:573]  D:/Tool/Go/src/net/http/server.go:2694
2018/12/28 22:17:08.475 [C] [asm_amd64.s:573]  D:/Tool/Go/src/net/http/server.go:1830
2018/12/28 22:17:08.476 [C] [asm_amd64.s:573]  D:/Tool/Go/src/runtime/asm_amd64.s:2361
2018/12/28 22:17:08.476 [server.go:2921]  [HTTP] http: multiple response.WriteHeader calls
2018/12/28 22:17:16.655 [D] [adminbase.go:46]  here is auth 
2018/12/28 22:17:16.655 [D] [adminbase.go:47]  LoginController.Login 
2018/12/28 22:17:18.306 [D] [adminbase.go:46]  here is auth 
2018/12/28 22:17:18.306 [D] [adminbase.go:47]  LoginController.Login 
2018/12/28 22:17:18.317 [D] [adminbase.go:46]  here is auth 
2018/12/28 22:17:18.318 [D] [adminbase.go:47]  AdminController.Index 
2018/12/28 22:17:23.269 [D] [adminbase.go:46]  here is auth 
2018/12/28 22:17:23.269 [D] [adminbase.go:47]  AdminController.Index 
2018/12/28 22:17:37.782 [D] [adminbase.go:46]  here is auth 
2018/12/28 22:17:37.782 [D] [adminbase.go:47]  AdminController.Index 
2018/12/28 22:17:44.830 [D] [adminbase.go:46]  here is auth 
2018/12/28 22:17:44.830 [D] [adminbase.go:47]  LoginController.Login 
2018/12/28 22:17:46.438 [D] [adminbase.go:46]  here is auth 
2018/12/28 22:17:46.438 [D] [adminbase.go:47]  LoginController.Login 
2018/12/28 22:17:46.445 [D] [adminbase.go:46]  here is auth 
2018/12/28 22:17:46.446 [D] [adminbase.go:47]  AdminController.Index 
2018/12/28 22:19:21.602 [I] [asm_amd64.s:2361]  http server Running on http://:8080
2018/12/28 22:19:23.861 [D] [adminbase.go:46]  here is auth 
2018/12/28 22:19:23.862 [D] [adminbase.go:47]  AdminController.Index 
2018/12/28 22:19:23.865 [C] [asm_amd64.s:573]  the request url is  /admin
2018/12/28 22:19:23.865 [C] [asm_amd64.s:573]  Handler crashed with error can't find templatefile in the path:views/admin/admin/index.html
2018/12/28 22:19:23.865 [C] [asm_amd64.s:573]  D:/Tool/Go/src/runtime/asm_amd64.s:573
2018/12/28 22:19:23.865 [C] [asm_amd64.s:573]  D:/Tool/Go/src/runtime/panic.go:502
2018/12/28 22:19:23.865 [C] [asm_amd64.s:573]  D:/GoWork/src/github.com/astaxie/beego/template.go:75
2018/12/28 22:19:23.866 [C] [asm_amd64.s:573]  D:/GoWork/src/github.com/astaxie/beego/controller.go:283
2018/12/28 22:19:23.866 [C] [asm_amd64.s:573]  D:/GoWork/src/github.com/astaxie/beego/controller.go:234
2018/12/28 22:19:23.866 [C] [asm_amd64.s:573]  D:/GoWork/src/github.com/astaxie/beego/controller.go:214
2018/12/28 22:19:23.866 [C] [asm_amd64.s:573]  D:/GoWork/src/github.com/astaxie/beego/router.go:863
2018/12/28 22:19:23.867 [C] [asm_amd64.s:573]  D:/Tool/Go/src/net/http/server.go:2694
2018/12/28 22:19:23.868 [C] [asm_amd64.s:573]  D:/Tool/Go/src/net/http/server.go:1830
2018/12/28 22:19:23.868 [C] [asm_amd64.s:573]  D:/Tool/Go/src/runtime/asm_amd64.s:2361
2018/12/28 22:19:23.869 [server.go:2921]  [HTTP] http: multiple response.WriteHeader calls
2018/12/28 22:20:24.178 [I] [asm_amd64.s:2361]  http server Running on http://:8080
2018/12/28 22:20:26.447 [D] [adminbase.go:46]  here is auth 
2018/12/28 22:20:26.447 [D] [adminbase.go:47]  AdminController.Index 
2018/12/28 22:21:06.634 [D] [adminbase.go:46]  here is auth 
2018/12/28 22:21:06.635 [D] [adminbase.go:47]  AdminController.Index 
2018/12/28 22:24:31.553 [I] [asm_amd64.s:2361]  http server Running on http://:8080
2018/12/28 22:24:34.795 [D] [adminbase.go:47]  here is auth 
2018/12/28 22:24:34.795 [D] [adminbase.go:48]  AdminController.Index 
2018/12/28 22:26:30.228 [I] [asm_amd64.s:2361]  http server Running on http://:8080
2018/12/28 22:26:33.994 [D] [adminbase.go:47]  here is auth 
2018/12/28 22:26:33.994 [D] [adminbase.go:48]  AdminController.Index 
2018/12/28 22:27:07.603 [I] [asm_amd64.s:2361]  http server Running on http://:8080
2018/12/28 22:27:09.657 [D] [adminbase.go:47]  here is auth 
2018/12/28 22:27:09.657 [D] [adminbase.go:48]  AdminController.Index 
2018/12/28 22:29:04.295 [I] [asm_amd64.s:2361]  http server Running on http://:8080
2018/12/28 22:29:06.551 [D] [adminbase.go:47]  here is auth 
2018/12/28 22:29:06.551 [D] [adminbase.go:48]  AdminController.Index 
2018/12/28 22:31:13.556 [I] [asm_amd64.s:2361]  http server Running on http://:8080
2018/12/28 22:31:19.797 [D] [adminbase.go:47]  here is auth 
2018/12/28 22:31:19.798 [D] [adminbase.go:48]  AdminController.Index 
2018/12/28 22:32:03.286 [I] [asm_amd64.s:2361]  http server Running on http://:8080
2018/12/28 22:32:05.097 [D] [adminbase.go:47]  here is auth 
2018/12/28 22:32:05.097 [D] [adminbase.go:48]  AdminController.Index 
2018/12/28 22:32:37.166 [I] [asm_amd64.s:2361]  http server Running on http://:8080
2018/12/28 22:32:38.711 [D] [adminbase.go:47]  here is auth 
2018/12/28 22:32:38.712 [D] [adminbase.go:48]  AdminController.Index 
