2019/01/05 21:08:46.383 [D] [adminbase.go:74]  here is auth 
2019/01/05 21:08:46.384 [D] [adminbase.go:75]  ConfigController.Config 
2019/01/05 21:08:46.384 [D] [adminbase.go:79]  GetCookie 
2019/01/05 21:08:46.384 [D] [adminbase.go:80]   
2019/01/05 21:08:56.832 [D] [adminbase.go:74]  here is auth 
2019/01/05 21:08:56.832 [D] [adminbase.go:75]  LoginController.Login 
2019/01/05 21:08:56.832 [D] [adminbase.go:79]  GetCookie 
2019/01/05 21:08:56.832 [D] [adminbase.go:80]   
2019/01/05 21:09:03.348 [D] [adminbase.go:74]  here is auth 
2019/01/05 21:09:03.348 [D] [adminbase.go:75]  LoginController.Login 
2019/01/05 21:09:03.348 [D] [adminbase.go:79]  GetCookie 
2019/01/05 21:09:03.348 [D] [adminbase.go:80]   
2019/01/05 21:09:03.356 [D] [menu.go:125]  MenuListGetByUid 
2019/01/05 21:09:03.356 [D] [menu.go:126]  [] 
2019/01/05 21:09:03.356 [D] [menu.go:131]  [] 
2019/01/05 21:09:03.356 [D] [adminbase.go:213]  获取这个用户能获取到的所有菜单列表 
2019/01/05 21:09:03.357 [D] [adminbase.go:214]  [] 
2019/01/05 21:09:03.361 [D] [adminbase.go:74]  here is auth 
2019/01/05 21:09:03.362 [D] [adminbase.go:75]  AdminController.Index 
2019/01/05 21:09:03.362 [D] [adminbase.go:79]  GetCookie1|610fcd12532eb00efbad0c4fb90fc6a1 
2019/01/05 21:09:03.364 [D] [adminbase.go:80]  1 
2019/01/05 21:10:46.225 [I] [asm_amd64.s:2361]  http server Running on http://:8000
2019/01/05 21:10:49.691 [D] [menu.go:125]  MenuListGetByUid 
2019/01/05 21:10:49.692 [D] [menu.go:126]  [] 
2019/01/05 21:10:49.692 [D] [menu.go:131]  [] 
2019/01/05 21:10:49.692 [D] [adminbase.go:214]  获取这个用户能获取到的所有菜单列表 
2019/01/05 21:10:49.692 [D] [adminbase.go:215]  [] 
2019/01/05 21:10:49.692 [D] [adminbase.go:75]  here is auth 
2019/01/05 21:10:49.693 [D] [adminbase.go:76]  LoginController.Login 
2019/01/05 21:13:43.088 [I] [asm_amd64.s:2361]  http server Running on http://:8000
2019/01/05 21:13:57.202 [D] [menu.go:106]  MenuListGetByUid 
2019/01/05 21:13:57.204 [D] [menu.go:126]  1 
2019/01/05 21:13:57.204 [D] [menu.go:127]  SELECT id,  pid, title_cn, title_en, type, icon, sort, url_for FROM go_menu Where logic_delete = 0 Order By seq asc,Id asc 
2019/01/05 21:13:57.204 [D] [menu.go:132]  [] 
2019/01/05 21:13:57.204 [D] [adminbase.go:214]  获取这个用户能获取到的所有菜单列表 
2019/01/05 21:13:57.205 [D] [adminbase.go:215]  [] 
2019/01/05 21:13:57.206 [D] [adminbase.go:75]  here is auth 
2019/01/05 21:13:57.206 [D] [adminbase.go:76]  LoginController.Login 
2019/01/05 21:14:47.783 [I] [asm_amd64.s:2361]  http server Running on http://:8000
2019/01/05 21:15:03.002 [D] [menu.go:106]  MenuListGetByUid 
2019/01/05 21:15:03.012 [D] [menu.go:126]  1 
2019/01/05 21:15:03.014 [D] [menu.go:127]  SELECT id,  pid, title_cn, title_en, type, icon, sort, url_for FROM go_menu Where logic_delete = 0 Order By sort asc,Id asc 
2019/01/05 21:15:03.014 [D] [menu.go:132]  [0xc0423460e0 0xc0423461c0 0xc0423462a0 0xc042346380 0xc042346460 0xc042346540 0xc042346620 0xc042346700] 
2019/01/05 21:15:03.014 [D] [adminbase.go:214]  获取这个用户能获取到的所有菜单列表 
2019/01/05 21:15:03.014 [D] [adminbase.go:215]  [0xc0423460e0 0xc0423461c0 0xc0423462a0 0xc042346380 0xc042346460 0xc042346540 0xc042346620 0xc042346700] 
2019/01/05 21:15:03.014 [D] [adminbase.go:75]  here is auth 
2019/01/05 21:15:03.015 [D] [adminbase.go:76]  LoginController.Login 
2019/01/05 21:17:05.048 [I] [asm_amd64.s:2361]  http server Running on http://:8000
2019/01/05 21:17:08.786 [D] [menu.go:106]  MenuListGetByUid 
2019/01/05 21:17:08.791 [D] [menu.go:126]  SELECT DISTINCT T0.role_id, T2.id, T2.pid, T2.title_cn, T2.title_en, T2.type, T2.icon, T2.sort, T2.url_for
		FROM go_role_user_rel AS T0
		INNER JOIN go_role_menu_rel AS T1 ON T0.role_id = T1.role_id
		INNER JOIN go_menu AS T2 ON T1.menu_id = T2.id
		WHERE T0.uid = ? and T2.logic_delete = 0  Order By T2.sort asc,T2.id asc 
2019/01/05 21:17:08.795 [D] [menu.go:131]  [0xc0421200e0 0xc0421202a0 0xc042120380 0xc042120460 0xc042120540 0xc042120620 0xc042120700 0xc0421207e0] 
2019/01/05 21:17:08.796 [D] [adminbase.go:214]  获取这个用户能获取到的所有菜单列表 
2019/01/05 21:17:08.796 [D] [adminbase.go:215]  [0xc0421200e0 0xc0421202a0 0xc042120380 0xc042120460 0xc042120540 0xc042120620 0xc042120700 0xc0421207e0] 
2019/01/05 21:17:08.796 [D] [adminbase.go:75]  here is auth 
2019/01/05 21:17:08.797 [D] [adminbase.go:76]  LoginController.Login 
2019/01/05 21:19:55.851 [I] [asm_amd64.s:2361]  http server Running on http://:8000
2019/01/05 21:20:08.792 [D] [menu.go:129]  [0xc04221c0e0 0xc04221c1c0 0xc04221c2a0 0xc04221c380 0xc04221c460 0xc04221c540 0xc04221c620 0xc04221c700] 
2019/01/05 21:20:08.792 [D] [adminbase.go:214]  获取这个用户能获取到的所有菜单列表 
2019/01/05 21:20:08.792 [D] [adminbase.go:215]  [0xc04221c0e0 0xc04221c1c0 0xc04221c2a0 0xc04221c380 0xc04221c460 0xc04221c540 0xc04221c620 0xc04221c700] 
2019/01/05 21:20:08.792 [D] [adminbase.go:75]  here is auth 
2019/01/05 21:20:08.792 [D] [adminbase.go:76]  LoginController.Login 
2019/01/05 21:20:08.802 [D] [menu.go:129]  [0xc0422a4000 0xc0422a40e0 0xc0422a41c0 0xc0422a42a0 0xc0422a4380 0xc0422a4460 0xc0422a4540 0xc0422a4620] 
2019/01/05 21:20:08.802 [D] [adminbase.go:214]  获取这个用户能获取到的所有菜单列表 
2019/01/05 21:20:08.802 [D] [adminbase.go:215]  [0xc0422a4000 0xc0422a40e0 0xc0422a41c0 0xc0422a42a0 0xc0422a4380 0xc0422a4460 0xc0422a4540 0xc0422a4620] 
2019/01/05 21:20:08.802 [D] [adminbase.go:75]  here is auth 
2019/01/05 21:20:08.802 [D] [adminbase.go:76]  AdminController.Index 
2019/01/05 23:31:25.332 [I] [asm_amd64.s:2361]  http server Running on http://:8000
2019/01/05 23:31:30.681 [D] [menu.go:129]  [0xc0421e81c0 0xc0421e82a0 0xc0421e8380 0xc0421e8460 0xc0421e8540 0xc0421e8620 0xc0421e8700 0xc0421e87e0] 
2019/01/05 23:31:30.681 [D] [adminbase.go:214]  获取这个用户能获取到的所有菜单列表 
2019/01/05 23:31:30.683 [D] [adminbase.go:215]  [0xc0421e81c0 0xc0421e82a0 0xc0421e8380 0xc0421e8460 0xc0421e8540 0xc0421e8620 0xc0421e8700 0xc0421e87e0] 
2019/01/05 23:31:30.683 [D] [adminbase.go:75]  here is auth 
2019/01/05 23:31:30.684 [D] [adminbase.go:76]  AdminController.Index 
